# JRE version: Java(TM) SE Runtime Environment (14.0.2+12) (build 14.0.2+12-46)
# Java VM: Java HotSpot(TM) 64-Bit Server VM (14.0.2+12-46, mixed mode, sharing, tiered, compressed oops, g1 gc, windows-amd64)
Heap:
 garbage-first heap   total 260096K, used 57904K [0x0000000702800000, 0x0000000800000000)
  region size 1024K, 54 young (55296K), 10 survivors (10240K)
 Metaspace       used 17596K, capacity 18830K, committed 18944K, reserved 1067008K
  class space    used 1944K, capacity 2191K, committed 2304K, reserved 1048576K
GC Heap History (6 events):
Event: 0.582 GC heap before
{Heap before GC invocations=0 (full 0):
 garbage-first heap   total 260096K, used 20480K [0x0000000702800000, 0x0000000800000000)
  region size 1024K, 21 young (21504K), 0 survivors (0K)
 Metaspace       used 5522K, capacity 7759K, committed 7808K, reserved 1056768K
  class space    used 647K, capacity 868K, committed 896K, reserved 1048576K
}
Event: 0.590 GC heap after
{Heap after GC invocations=1 (full 0):
 garbage-first heap   total 260096K, used 3770K [0x0000000702800000, 0x0000000800000000)
  region size 1024K, 3 young (3072K), 3 survivors (3072K)
 Metaspace       used 5522K, capacity 7759K, committed 7808K, reserved 1056768K
  class space    used 647K, capacity 868K, committed 896K, reserved 1048576K
}
Event: 0.911 GC heap before
{Heap before GC invocations=1 (full 0):
 garbage-first heap   total 260096K, used 30394K [0x0000000702800000, 0x0000000800000000)
  region size 1024K, 29 young (29696K), 3 survivors (3072K)
 Metaspace       used 8396K, capacity 10374K, committed 10496K, reserved 1058816K
  class space    used 996K, capacity 1267K, committed 1280K, reserved 1048576K
}
Event: 0.913 GC heap after
{Heap after GC invocations=2 (full 0):
 garbage-first heap   total 260096K, used 4847K [0x0000000702800000, 0x0000000800000000)
  region size 1024K, 2 young (2048K), 2 survivors (2048K)
 Metaspace       used 8396K, capacity 10374K, committed 10496K, reserved 1058816K
  class space    used 996K, capacity 1267K, committed 1280K, reserved 1048576K
}
Event: 4.223 GC heap before
{Heap before GC invocations=2 (full 0):
 garbage-first heap   total 260096K, used 158447K [0x0000000702800000, 0x0000000800000000)
  region size 1024K, 152 young (155648K), 2 survivors (2048K)
 Metaspace       used 16501K, capacity 17720K, committed 18048K, reserved 1064960K
  class space    used 1836K, capacity 2077K, committed 2176K, reserved 1048576K
}
Event: 4.229 GC heap after
{Heap after GC invocations=3 (full 0):
 garbage-first heap   total 260096K, used 13872K [0x0000000702800000, 0x0000000800000000)
  region size 1024K, 10 young (10240K), 10 survivors (10240K)
 Metaspace       used 16501K, capacity 17720K, committed 18048K, reserved 1064960K
  class space    used 1836K, capacity 2077K, committed 2176K, reserved 1048576K
}

